2025-03-03 22:22:37.2717 INFO Application is starting...
2025-03-03 22:22:50.2733 INFO Now listening on: https://localhost:7153
2025-03-03 22:22:50.4174 INFO Now listening on: http://localhost:5026
2025-03-03 22:22:50.7574 INFO Application started. Press Ctrl+C to shut down.
2025-03-03 22:22:50.7851 INFO Hosting environment: Development
2025-03-03 22:22:50.7851 INFO Content root path: C:\Users\khant\OneDrive\Desktop\Task\HelloApp\
2025-03-03 22:22:58.3962 INFO Request starting HTTP/2 GET https://localhost:7153/swagger - -
2025-03-03 22:23:01.5442 INFO Request finished HTTP/2 GET https://localhost:7153/swagger - - - 301 0 - 3153.7156ms
2025-03-03 22:23:01.6220 INFO Request starting HTTP/2 GET https://localhost:7153/swagger/index.html - -
2025-03-03 22:23:03.6554 INFO Request finished HTTP/2 GET https://localhost:7153/swagger/index.html - - - 200 - text/html;charset=utf-8 2033.2962ms
2025-03-03 22:23:04.1721 INFO Request starting HTTP/2 GET https://localhost:7153/swagger/swagger-ui.css - -
2025-03-03 22:23:04.1721 INFO Request starting HTTP/2 GET https://localhost:7153/swagger/index.css - -
2025-03-03 22:23:04.1721 INFO Request starting HTTP/2 GET https://localhost:7153/swagger/swagger-ui-bundle.js - -
2025-03-03 22:23:04.1721 INFO Request starting HTTP/2 GET https://localhost:7153/swagger/swagger-ui-standalone-preset.js - -
2025-03-03 22:23:04.1721 INFO Request starting HTTP/2 GET https://localhost:7153/swagger/index.js - -
2025-03-03 22:23:04.2126 INFO Request finished HTTP/2 GET https://localhost:7153/swagger/index.js - - - 200 - application/javascript;charset=utf-8 37.1455ms
2025-03-03 22:23:04.2468 INFO Request starting HTTP/2 GET https://localhost:7153/_framework/aspnetcore-browser-refresh.js - -
2025-03-03 22:23:05.6474 INFO Sending file. Request path: '/swagger-ui.css'. Physical path: 'N/A'
2025-03-03 22:23:05.6474 INFO Sending file. Request path: '/index.css'. Physical path: 'N/A'
2025-03-03 22:23:05.6474 INFO Request finished HTTP/2 GET https://localhost:7153/_framework/aspnetcore-browser-refresh.js - - - 200 12348 application/javascript;+charset=utf-8 1401.0874ms
2025-03-03 22:23:05.6474 INFO Sending file. Request path: '/swagger-ui-standalone-preset.js'. Physical path: 'N/A'
2025-03-03 22:23:05.7146 INFO Request finished HTTP/2 GET https://localhost:7153/swagger/swagger-ui.css - - - 200 154948 text/css 1542.5020ms
2025-03-03 22:23:05.7283 INFO Request finished HTTP/2 GET https://localhost:7153/swagger/index.css - - - 200 202 text/css 1553.2008ms
2025-03-03 22:23:05.7283 INFO Request finished HTTP/2 GET https://localhost:7153/swagger/swagger-ui-standalone-preset.js - - - 200 229223 application/javascript 1554.7600ms
2025-03-03 22:23:06.1067 INFO Sending file. Request path: '/swagger-ui-bundle.js'. Physical path: 'N/A'
2025-03-03 22:23:06.1067 INFO Request finished HTTP/2 GET https://localhost:7153/swagger/swagger-ui-bundle.js - - - 200 1466324 application/javascript 1939.1914ms
2025-03-03 22:23:06.1067 INFO Request starting HTTP/2 GET https://localhost:7153/_vs/browserLink - -
2025-03-03 22:23:08.0803 INFO Request finished HTTP/2 GET https://localhost:7153/_vs/browserLink - - - 200 - text/javascript;+charset=UTF-8 1963.7566ms
2025-03-03 22:23:08.3059 INFO Request starting HTTP/2 GET https://localhost:7153/swagger/v1/swagger.json - -
2025-03-03 22:23:08.4160 INFO Request finished HTTP/2 GET https://localhost:7153/swagger/v1/swagger.json - - - 200 - application/json;charset=utf-8 110.1870ms
2025-03-03 22:33:43.2364 INFO Application is starting...
2025-03-03 22:33:49.4528 INFO Now listening on: https://localhost:7153
2025-03-03 22:33:49.4818 INFO Now listening on: http://localhost:5026
2025-03-03 22:33:49.7393 INFO Application started. Press Ctrl+C to shut down.
2025-03-03 22:33:49.7393 INFO Hosting environment: Development
2025-03-03 22:33:49.7393 INFO Content root path: C:\Users\khant\OneDrive\Desktop\Task\HelloApp\
2025-03-03 22:33:52.6574 INFO Request starting HTTP/2 GET https://localhost:7153/helloapp - -
2025-03-03 22:33:55.1885 INFO Executing endpoint 'HelloApp.Controllers.HelloAppController.Get (HelloApp)'
2025-03-03 22:33:55.2709 INFO Route matched with {action = "Get", controller = "HelloApp"}. Executing controller action with signature System.String Get() on controller HelloApp.Controllers.HelloAppController (HelloApp).
2025-03-03 22:33:56.6079 INFO Get method called
2025-03-03 22:33:56.6705 INFO Executing ObjectResult, writing value of type 'System.String'.
2025-03-03 22:33:56.7530 INFO Executed action HelloApp.Controllers.HelloAppController.Get (HelloApp) in 1459.4074ms
2025-03-03 22:33:56.7692 INFO Executed endpoint 'HelloApp.Controllers.HelloAppController.Get (HelloApp)'
2025-03-03 22:33:56.8227 INFO Request finished HTTP/2 GET https://localhost:7153/helloapp - - - 200 - text/plain;+charset=utf-8 4196.9489ms
2025-03-03 22:44:00.7468 INFO Request starting HTTP/1.1 POST https://localhost:7153/helloapp/register application/json 122
2025-03-03 22:44:01.2483 INFO Executing endpoint 'HelloApp.Controllers.HelloAppController.RegistrationUser (HelloApp)'
2025-03-03 22:44:01.7361 INFO Route matched with {action = "RegistrationUser", controller = "HelloApp"}. Executing controller action with signature Microsoft.AspNetCore.Mvc.IActionResult RegistrationUser(ModelLayer.DTO.RegisterDTO) on controller HelloApp.Controllers.HelloAppController (HelloApp).
2025-03-03 22:44:03.6497 INFO RegistrationUser method called
2025-03-03 22:44:06.9662 INFO Entity Framework Core 6.0.36 initialized 'HelloAppContext' using provider 'Microsoft.EntityFrameworkCore.SqlServer:6.0.36' with options: None
2025-03-03 22:44:18.8529 INFO Executed DbCommand (437ms) [Parameters=[@__registerDTO_Email_0='?' (Size = 4000)], CommandType='Text', CommandTimeout='30']
SELECT TOP(1) [u].[UserId], [u].[Email], [u].[FirstName], [u].[LastName], [u].[Password]
FROM [Users] AS [u]
WHERE [u].[Email] = @__registerDTO_Email_0
2025-03-03 22:44:19.2271 INFO User registered successfully: Yugal
2025-03-03 22:44:19.2868 INFO Executing CreatedResult, writing value of type 'RepositoryLayer.Entity.UserEntity'.
2025-03-03 22:44:19.3071 INFO Executed action HelloApp.Controllers.HelloAppController.RegistrationUser (HelloApp) in 17558.5496ms
2025-03-03 22:44:19.3151 INFO Executed endpoint 'HelloApp.Controllers.HelloAppController.RegistrationUser (HelloApp)'
2025-03-03 22:44:19.3505 INFO Request finished HTTP/1.1 POST https://localhost:7153/helloapp/register application/json 122 - 201 - application/json;+charset=utf-8 18616.5818ms
2025-03-03 22:47:35.0109 INFO Application is starting...
2025-03-03 22:47:45.9617 INFO Now listening on: https://localhost:7153
2025-03-03 22:47:46.0369 INFO Now listening on: http://localhost:5026
2025-03-03 22:47:47.1604 INFO Application started. Press Ctrl+C to shut down.
2025-03-03 22:47:47.1726 INFO Hosting environment: Development
2025-03-03 22:47:47.1726 INFO Content root path: C:\Users\khant\OneDrive\Desktop\Task\HelloApp\
2025-03-03 22:47:51.3248 INFO Request starting HTTP/2 GET https://localhost:7153/swagger - -
2025-03-03 22:47:54.5538 INFO Request finished HTTP/2 GET https://localhost:7153/swagger - - - 301 0 - 3263.3803ms
2025-03-03 22:47:54.6029 INFO Request starting HTTP/2 GET https://localhost:7153/swagger/index.html - -
2025-03-03 22:47:54.9717 INFO Request finished HTTP/2 GET https://localhost:7153/swagger/index.html - - - 200 - text/html;charset=utf-8 368.7417ms
2025-03-03 22:47:55.0928 INFO Request starting HTTP/2 GET https://localhost:7153/swagger/swagger-ui.css - -
2025-03-03 22:47:55.0928 INFO Request starting HTTP/2 GET https://localhost:7153/swagger/index.css - -
2025-03-03 22:47:55.0928 INFO Request starting HTTP/2 GET https://localhost:7153/swagger/swagger-ui-bundle.js - -
2025-03-03 22:47:55.0928 INFO Request starting HTTP/2 GET https://localhost:7153/swagger/swagger-ui-standalone-preset.js - -
2025-03-03 22:47:55.0928 INFO Request starting HTTP/2 GET https://localhost:7153/swagger/index.js - -
2025-03-03 22:47:55.0928 INFO Request finished HTTP/2 GET https://localhost:7153/swagger/index.js - - - 200 - application/javascript;charset=utf-8 4.7472ms
2025-03-03 22:47:55.0928 INFO Request starting HTTP/2 GET https://localhost:7153/_framework/aspnetcore-browser-refresh.js - -
2025-03-03 22:47:55.1213 INFO Request finished HTTP/2 GET https://localhost:7153/_framework/aspnetcore-browser-refresh.js - - - 200 12348 application/javascript;+charset=utf-8 18.1151ms
2025-03-03 22:47:55.1213 INFO Sending file. Request path: '/index.css'. Physical path: 'N/A'
2025-03-03 22:47:55.1406 INFO Request finished HTTP/2 GET https://localhost:7153/swagger/index.css - - - 200 202 text/css 44.6470ms
2025-03-03 22:47:55.2410 INFO Sending file. Request path: '/swagger-ui-standalone-preset.js'. Physical path: 'N/A'
2025-03-03 22:47:55.2410 INFO Sending file. Request path: '/swagger-ui.css'. Physical path: 'N/A'
2025-03-03 22:47:55.2676 INFO Request finished HTTP/2 GET https://localhost:7153/swagger/swagger-ui.css - - - 200 154948 text/css 174.7224ms
2025-03-03 22:47:55.2863 INFO Request finished HTTP/2 GET https://localhost:7153/swagger/swagger-ui-standalone-preset.js - - - 200 229223 application/javascript 189.7936ms
2025-03-03 22:47:55.3145 INFO Request starting HTTP/2 GET https://localhost:7153/_vs/browserLink - -
2025-03-03 22:47:55.5518 INFO Sending file. Request path: '/swagger-ui-bundle.js'. Physical path: 'N/A'
2025-03-03 22:47:55.5648 INFO Request finished HTTP/2 GET https://localhost:7153/swagger/swagger-ui-bundle.js - - - 200 1466324 application/javascript 468.4039ms
2025-03-03 22:47:56.8376 INFO Request finished HTTP/2 GET https://localhost:7153/_vs/browserLink - - - 200 - text/javascript;+charset=UTF-8 1522.9051ms
2025-03-03 22:47:57.2077 INFO Request starting HTTP/2 GET https://localhost:7153/swagger/v1/swagger.json - -
2025-03-03 22:47:57.2224 INFO Request finished HTTP/2 GET https://localhost:7153/swagger/v1/swagger.json - - - 200 - application/json;charset=utf-8 14.8323ms
